<?xml version="1.0" encoding="UTF-8"?>
<!-- Generated by org.testng.reporters.JUnitXMLReporter -->
<testsuite hostname="MLDCSRGEOD01-VM" ignored="0" name="COS42_CallCentre" tests="1" failures="1" timestamp="23 Apr 2020 16:09:49 GMT" time="47.448" errors="0">
  <testcase name="Credit" time="47.401" classname="com.cosac.TestCases.COS30_CreditSactioning">
    <failure type="java.lang.NullPointerException">
      <![CDATA[java.lang.NullPointerException
at com.cosac.TestCases.COS30_CreditSactioning.Credit(COS30_CreditSactioning.java:147)
... Removed 25 stack frames]]>
    </failure>
  </testcase> <!-- Credit -->
</testsuite> <!-- COS42_CallCentre -->
