<?xml version="1.0" encoding="UTF-8"?>
<!-- Generated by org.testng.reporters.JUnitXMLReporter -->
<testsuite hostname="MLDCSRGEOD01-VM" ignored="0" name="cosacProject Chrome Test1" tests="1" failures="1" timestamp="14 May 2020 09:57:46 GMT" time="52.409" errors="0">
  <testcase name="Client" time="52.351" classname="com.cosac.TestCases.COS24_NewCustomer3">
    <failure type="java.lang.AssertionError" message="can not find .\target\CUstomerID.png in S(0)[0,0 1920x1080]">
      <![CDATA[java.lang.AssertionError: can not find .\target\CUstomerID.png in S(0)[0,0 1920x1080]
at com.cosac.TestCases.COS24_NewCustomer3.Client(COS24_NewCustomer3.java:414)
... Removed 26 stack frames]]>
    </failure>
  </testcase> <!-- Client -->
</testsuite> <!-- cosacProject Chrome Test1 -->
